#
# There is insufficient memory for the Java Runtime Environment to continue.
# Cannot create GC thread. Out of system resources.
# Possible reasons:
#   The system is out of physical RAM or swap space
#   In 32 bit mode, the process size limit was hit
# Possible solutions:
#   Reduce memory load on the system
#   Increase physical memory or swap space
#   Check if swap backing store is full
#   Use 64 bit Java on a 64 bit OS
#   Decrease Java heap size (-Xmx/-Xms)
#   Decrease number of Java threads
#   Decrease Java thread stack sizes (-Xss)
#   Set larger code cache with -XX:ReservedCodeCacheSize=
# This output file may be truncated or incomplete.
#
#  Out of Memory Error (gcTaskThread.cpp:46), pid=12275, tid=1095096640
#
# JRE version: 7.0_11-b21
# Java VM: Java HotSpot(TM) 64-Bit Server VM (23.6-b04 mixed mode linux-amd64 compressed oops)
# Failed to write core dump. Core dumps have been disabled. To enable core dumping, try "ulimit -c unlimited" before starting Java again
#

---------------  T H R E A D  ---------------

Current thread (0x0000000019da7000):  JavaThread "Unknown thread" [_thread_in_vm, id=12284, stack(0x000000004135d000,0x000000004145e000)]

Stack: [0x000000004135d000,0x000000004145e000],  sp=0x000000004145c840,  free space=1022k
Native frames: (J=compiled Java code, j=interpreted, Vv=VM code, C=native code)
V  [libjvm.so+0x8a531a]  VMError::report_and_die()+0x2ea
V  [libjvm.so+0x40ab7b]  report_vm_out_of_memory(char const*, int, unsigned long, char const*)+0x9b
V  [libjvm.so+0x4b787a]  GCTaskThread::GCTaskThread(GCTaskManager*, unsigned int, unsigned int)+0xfa
V  [libjvm.so+0x4b6276]  GCTaskManager::initialize()+0x206
V  [libjvm.so+0x76066f]  ParallelScavengeHeap::initialize()+0x6cf
V  [libjvm.so+0x87d708]  Universe::initialize_heap()+0xb8
V  [libjvm.so+0x87fddd]  universe_init()+0x7d
V  [libjvm.so+0x503cb5]  init_globals()+0x65
V  [libjvm.so+0x866f62]  Threads::create_vm(JavaVMInitArgs*, bool*)+0x1e2
V  [libjvm.so+0x563bc4]  JNI_CreateJavaVM+0x74
C  [libjli.so+0x2f8e]  JavaMain+0x9e


---------------  P R O C E S S  ---------------

Java Threads: ( => current thread )

Other Threads:

=>0x0000000019da7000 (exited) JavaThread "Unknown thread" [_thread_in_vm, id=12284, stack(0x000000004135d000,0x000000004145e000)]

VM state:not at safepoint (not fully initialized)

VM Mutex/Monitor currently owned by a thread: None

GC Heap History (0 events):
No events

Deoptimization events (0 events):
No events

Internal exceptions (0 events):
No events

Events (0 events):
No events


Dynamic libraries:
00400000-00401000 r-xp 00000000 00:18 4821669                            /util/java/jdk1.7.0_11/bin/java
00600000-00601000 rw-p 00000000 00:18 4821669                            /util/java/jdk1.7.0_11/bin/java
19d9c000-19dde000 rw-p 19d9c000 00:00 0                                  [heap]
4135d000-41360000 ---p 4135d000 00:00 0 
41360000-4145e000 rw-p 41360000 00:00 0 
41cfe000-41cff000 ---p 41cfe000 00:00 0 
41cff000-41dff000 rw-p 41cff000 00:00 0 
41dff000-41e00000 ---p 41dff000 00:00 0 
41e00000-41f00000 rw-p 41e00000 00:00 0 
41f00000-41f01000 ---p 41f00000 00:00 0 
41f01000-42001000 rw-p 41f01000 00:00 0 
42001000-42002000 ---p 42001000 00:00 0 
42002000-42102000 rw-p 42002000 00:00 0 
42102000-42103000 ---p 42102000 00:00 0 
42103000-42203000 rw-p 42103000 00:00 0 
42203000-42204000 ---p 42203000 00:00 0 
42204000-42304000 rw-p 42204000 00:00 0 
42304000-42305000 ---p 42304000 00:00 0 
42305000-42405000 rw-p 42305000 00:00 0 
40c400000-40d8c0000 rw-p 40c400000 00:00 0 
40d8c0000-411600000 rw-p 40d8c0000 00:00 0 
411600000-43b510000 rw-p 411600000 00:00 0 
43b510000-6b0760000 rw-p 43b510000 00:00 0 
6b0760000-6c56e0000 rw-p 6b0760000 00:00 0 
6c56e0000-800000000 rw-p 6c56e0000 00:00 0 
3c89a00000-3c89a1c000 r-xp 00000000 08:02 224226                         /lib64/ld-2.5.so
3c89c1c000-3c89c1d000 r--p 0001c000 08:02 224226                         /lib64/ld-2.5.so
3c89c1d000-3c89c1e000 rw-p 0001d000 08:02 224226                         /lib64/ld-2.5.so
3c8a200000-3c8a34d000 r-xp 00000000 08:02 224228                         /lib64/libc-2.5.so
3c8a34d000-3c8a54d000 ---p 0014d000 08:02 224228                         /lib64/libc-2.5.so
3c8a54d000-3c8a551000 r--p 0014d000 08:02 224228                         /lib64/libc-2.5.so
3c8a551000-3c8a552000 rw-p 00151000 08:02 224228                         /lib64/libc-2.5.so
3c8a552000-3c8a557000 rw-p 3c8a552000 00:00 0 
3c8a600000-3c8a602000 r-xp 00000000 08:02 224239                         /lib64/libdl-2.5.so
3c8a602000-3c8a802000 ---p 00002000 08:02 224239                         /lib64/libdl-2.5.so
3c8a802000-3c8a803000 r--p 00002000 08:02 224239                         /lib64/libdl-2.5.so
3c8a803000-3c8a804000 rw-p 00003000 08:02 224239                         /lib64/libdl-2.5.so
3c8aa00000-3c8aa82000 r-xp 00000000 08:02 224245                         /lib64/libm-2.5.so
3c8aa82000-3c8ac81000 ---p 00082000 08:02 224245                         /lib64/libm-2.5.so
3c8ac81000-3c8ac82000 r--p 00081000 08:02 224245                         /lib64/libm-2.5.so
3c8ac82000-3c8ac83000 rw-p 00082000 08:02 224245                         /lib64/libm-2.5.so
3c8ae00000-3c8ae16000 r-xp 00000000 08:02 224235                         /lib64/libpthread-2.5.so
3c8ae16000-3c8b015000 ---p 00016000 08:02 224235                         /lib64/libpthread-2.5.so
3c8b015000-3c8b016000 r--p 00015000 08:02 224235                         /lib64/libpthread-2.5.so
3c8b016000-3c8b017000 rw-p 00016000 08:02 224235                         /lib64/libpthread-2.5.so
3c8b017000-3c8b01b000 rw-p 3c8b017000 00:00 0 
3c8e600000-3c8e607000 r-xp 00000000 08:02 224279                         /lib64/librt-2.5.so
3c8e607000-3c8e807000 ---p 00007000 08:02 224279                         /lib64/librt-2.5.so
3c8e807000-3c8e808000 r--p 00007000 08:02 224279                         /lib64/librt-2.5.so
3c8e808000-3c8e809000 rw-p 00008000 08:02 224279                         /lib64/librt-2.5.so
2aaaaaaab000-2aaaaaabb000 rw-p 2aaaaaaab000 00:00 0 
2aaaaaada000-2aaaaaae7000 r-xp 00000000 00:18 3752438                    /util/java/jdk1.7.0_11/jre/lib/amd64/libverify.so
2aaaaaae7000-2aaaaace6000 ---p 0000d000 00:18 3752438                    /util/java/jdk1.7.0_11/jre/lib/amd64/libverify.so
2aaaaace6000-2aaaaace8000 rw-p 0000c000 00:18 3752438                    /util/java/jdk1.7.0_11/jre/lib/amd64/libverify.so
2aaaaace8000-2aaaaad11000 r-xp 00000000 00:18 11049540                   /util/java/jdk1.7.0_11/jre/lib/amd64/libjava.so
2aaaaad11000-2aaaaaf11000 ---p 00029000 00:18 11049540                   /util/java/jdk1.7.0_11/jre/lib/amd64/libjava.so
2aaaaaf11000-2aaaaaf13000 rw-p 00029000 00:18 11049540                   /util/java/jdk1.7.0_11/jre/lib/amd64/libjava.so
2aaaaaf13000-2aaaaaf14000 r--p 2aaaaaf13000 00:00 0 
2aaaaaf14000-2aaaaaf15000 rw-p 2aaaaaf14000 00:00 0 
2aaaaaf15000-2aaaaaf4e000 r-xp 00000000 00:18 11049546                   /util/java/jdk1.7.0_11/jre/lib/amd64/libjdwp.so
2aaaaaf4e000-2aaaab14d000 ---p 00039000 00:18 11049546                   /util/java/jdk1.7.0_11/jre/lib/amd64/libjdwp.so
2aaaab14d000-2aaaab14f000 rw-p 00038000 00:18 11049546                   /util/java/jdk1.7.0_11/jre/lib/amd64/libjdwp.so
2aaaab14f000-2aaaab152000 r-xp 00000000 00:18 9976671                    /util/java/jdk1.7.0_11/jre/lib/amd64/libnpt.so
2aaaab152000-2aaaab351000 ---p 00003000 00:18 9976671                    /util/java/jdk1.7.0_11/jre/lib/amd64/libnpt.so
2aaaab351000-2aaaab352000 rw-p 00002000 00:18 9976671                    /util/java/jdk1.7.0_11/jre/lib/amd64/libnpt.so
2aaaab352000-2aaaae92c000 r--p 00000000 08:05 9538491                    /usr/lib/locale/locale-archive
2aaaae92c000-2aaaae934000 rw-s 00000000 08:06 2121630                    /tmp/hsperfdata_casporsk/12275
2aaaae95a000-2aaaae964000 r-xp 00000000 08:02 224250                     /lib64/libnss_files-2.5.so
2aaaae964000-2aaaaeb63000 ---p 0000a000 08:02 224250                     /lib64/libnss_files-2.5.so
2aaaaeb63000-2aaaaeb64000 r--p 00009000 08:02 224250                     /lib64/libnss_files-2.5.so
2aaaaeb64000-2aaaaeb65000 rw-p 0000a000 08:02 224250                     /lib64/libnss_files-2.5.so
2aaaaeb65000-2aaaaeb7f000 r-xp 00000000 00:18 3752439                    /util/java/jdk1.7.0_11/jre/lib/amd64/libzip.so
2aaaaeb7f000-2aaaaed7f000 ---p 0001a000 00:18 3752439                    /util/java/jdk1.7.0_11/jre/lib/amd64/libzip.so
2aaaaed7f000-2aaaaed80000 rw-p 0001a000 00:18 3752439                    /util/java/jdk1.7.0_11/jre/lib/amd64/libzip.so
2aaaaed80000-2aaaaeff0000 rwxp 2aaaaed80000 00:00 0 
2aaaaeff0000-2aaab1d80000 rw-p 2aaaaeff0000 00:00 0 
2aaab1d80000-2aaab1d8a000 rw-p 2aaab1d80000 00:00 0 
2aaab1d8a000-2aaab1e40000 rw-p 2aaab1d8a000 00:00 0 
2aaab1e40000-2aaab1e4b000 rw-p 2aaab1e40000 00:00 0 
2aaab1e4b000-2aaab1e69000 rw-p 2aaab1e4b000 00:00 0 
2aaab1e69000-2aaab1fb9000 rw-p 2aaab1e69000 00:00 0 
2aaab1fb9000-2aaab3361000 rw-p 2aaab1fb9000 00:00 0 
2aaab3361000-2aaab340a000 rw-p 2aaab3361000 00:00 0 
2aaab340a000-2aaab3dde000 rw-p 2aaab340a000 00:00 0 
2aaab3dde000-2aaab3f2f000 rw-p 2aaab3dde000 00:00 0 
2aaab3f2f000-2aaab52d8000 rw-p 2aaab3f2f000 00:00 0 
2aaab52d8000-2aaab52e3000 rw-p 2aaab52d8000 00:00 0 
2aaab52e3000-2aaab5301000 rw-p 2aaab52e3000 00:00 0 
2aaab5301000-2aaab5508000 rw-p 2aaab5301000 00:00 0 
2b6541ecc000-2b6541ece000 rw-p 2b6541ecc000 00:00 0 
2b6541efc000-2b6541f12000 r-xp 00000000 00:18 6239605                    /util/java/jdk1.7.0_11/jre/lib/amd64/jli/libjli.so
2b6541f12000-2b6542112000 ---p 00016000 00:18 6239605                    /util/java/jdk1.7.0_11/jre/lib/amd64/jli/libjli.so
2b6542112000-2b6542113000 rw-p 00016000 00:18 6239605                    /util/java/jdk1.7.0_11/jre/lib/amd64/jli/libjli.so
2b6542113000-2b6542116000 rw-p 2b6542113000 00:00 0 
2b6542116000-2b6542b5d000 r-xp 00000000 00:18 2941975                    /util/java/jdk1.7.0_11/jre/lib/amd64/server/libjvm.so
2b6542b5d000-2b6542d5d000 ---p 00a47000 00:18 2941975                    /util/java/jdk1.7.0_11/jre/lib/amd64/server/libjvm.so
2b6542d5d000-2b6542e00000 rw-p 00a47000 00:18 2941975                    /util/java/jdk1.7.0_11/jre/lib/amd64/server/libjvm.so
2b6542e00000-2b6542e3c000 rw-p 2b6542e00000 00:00 0 
7fff26323000-7fff26338000 rw-p 7ffffffe9000 00:00 0                      [stack]
7fff263fd000-7fff26400000 r-xp 7fff263fd000 00:00 0                      [vdso]
ffffffffff600000-ffffffffffe00000 ---p 00000000 00:00 0                  [vsyscall]

VM Arguments:
jvm_args: -agentlib:jdwp=transport=dt_socket,suspend=y,address=localhost:45881 -Dfile.encoding=UTF-8 
java_command: lab6.Driver
Launcher Type: SUN_STANDARD

Environment Variables:
PATH=/util/bin:/usr/lib64/qt-3.3/bin:/util/bin:/usr/kerberos/bin:/usr/local/bin:/usr/bin:/bin:/usr/X11R6/bin:/util/eclipse:/util/eclipse
USERNAME=casporsk
SHELL=/bin/tcsh
DISPLAY=:92.0
HOSTTYPE=x86_64-linux
OSTYPE=linux
MACHTYPE=x86_64

Signal Handlers:
SIGSEGV: [libjvm.so+0x8a5c80], sa_mask[0]=0x7ffbfeff, sa_flags=0x10000004
SIGBUS: [libjvm.so+0x8a5c80], sa_mask[0]=0x7ffbfeff, sa_flags=0x10000004
SIGFPE: [libjvm.so+0x741d60], sa_mask[0]=0x7ffbfeff, sa_flags=0x10000004
SIGPIPE: [libjvm.so+0x741d60], sa_mask[0]=0x7ffbfeff, sa_flags=0x10000004
SIGXFSZ: [libjvm.so+0x741d60], sa_mask[0]=0x7ffbfeff, sa_flags=0x10000004
SIGILL: [libjvm.so+0x741d60], sa_mask[0]=0x7ffbfeff, sa_flags=0x10000004
SIGUSR1: SIG_DFL, sa_mask[0]=0x00000000, sa_flags=0x00000000
SIGUSR2: [libjvm.so+0x7416b0], sa_mask[0]=0x00000004, sa_flags=0x10000004
SIGHUP: SIG_DFL, sa_mask[0]=0x00000000, sa_flags=0x00000000
SIGINT: SIG_DFL, sa_mask[0]=0x00000000, sa_flags=0x00000000
SIGTERM: SIG_DFL, sa_mask[0]=0x00000000, sa_flags=0x00000000
SIGQUIT: SIG_DFL, sa_mask[0]=0x00000000, sa_flags=0x00000000


---------------  S Y S T E M  ---------------

OS:Red Hat Enterprise Linux Server release 5.8 (Tikanga)

uname:Linux 2.6.18-308.el5 #1 SMP Fri Jan 27 17:17:51 EST 2012 x86_64
libc:glibc 2.5 NPTL 2.5 
rlimit: STACK 10240k, CORE 0k, NPROC 200, NOFILE 1024, AS infinity
load average:7.07 7.57 7.15

/proc/meminfo:
MemTotal:     65962088 kB
MemFree:      22153936 kB
Buffers:        599612 kB
Cached:       11390580 kB
SwapCached:          0 kB
Active:       34596212 kB
Inactive:      6120260 kB
HighTotal:           0 kB
HighFree:            0 kB
LowTotal:     65962088 kB
LowFree:      22153936 kB
SwapTotal:    163839736 kB
SwapFree:     163839736 kB
Dirty:            2528 kB
Writeback:           0 kB
AnonPages:    28726540 kB
Mapped:         565648 kB
Slab:          1491364 kB
PageTables:    1286364 kB
NFS_Unstable:        0 kB
Bounce:              0 kB
CommitLimit:  196820780 kB
Committed_AS: 113958944 kB
VmallocTotal: 34359738367 kB
VmallocUsed:    344460 kB
VmallocChunk: 34359393811 kB
HugePages_Total:     0
HugePages_Free:      0
HugePages_Rsvd:      0
Hugepagesize:     2048 kB


CPU:total 24 (6 cores per cpu, 2 threads per core) family 6 model 45 stepping 7, cmov, cx8, fxsr, mmx, sse, sse2, sse3, ssse3, sse4.1, sse4.2, popcnt, ht, tsc, tscinvbit, tscinv

/proc/cpuinfo:
processor	: 0
vendor_id	: GenuineIntel
cpu family	: 6
model		: 45
model name	:        Intel(R) Xeon(R) CPU E5-2640 0 @ 2.50GHz
stepping	: 7
cpu MHz		: 2500.101
cache size	: 15360 KB
physical id	: 0
siblings	: 12
core id		: 0
cpu cores	: 6
apicid		: 0
fpu		: yes
fpu_exception	: yes
cpuid level	: 13
wp		: yes
flags		: fpu vme de pse tsc msr pae mce cx8 apic sep mtrr pge mca cmov pat pse36 clflush dts acpi mmx fxsr sse sse2 ss ht tm syscall nx pdpe1gb rdtscp lm constant_tsc ida nonstop_tsc arat pni monitor ds_cpl vmx smx est tm2 ssse3 cx16 xtpr sse4_1 sse4_2 popcnt lahf_lm
bogomips	: 5000.20
clflush size	: 64
cache_alignment	: 64
address sizes	: 46 bits physical, 48 bits virtual
power management: [8]

processor	: 1
vendor_id	: GenuineIntel
cpu family	: 6
model		: 45
model name	:        Intel(R) Xeon(R) CPU E5-2640 0 @ 2.50GHz
stepping	: 7
cpu MHz		: 2500.101
cache size	: 15360 KB
physical id	: 1
siblings	: 12
core id		: 0
cpu cores	: 6
apicid		: 32
fpu		: yes
fpu_exception	: yes
cpuid level	: 13
wp		: yes
flags		: fpu vme de pse tsc msr pae mce cx8 apic sep mtrr pge mca cmov pat pse36 clflush dts acpi mmx fxsr sse sse2 ss ht tm syscall nx pdpe1gb rdtscp lm constant_tsc ida nonstop_tsc arat pni monitor ds_cpl vmx smx est tm2 ssse3 cx16 xtpr sse4_1 sse4_2 popcnt lahf_lm
bogomips	: 5000.01
clflush size	: 64
cache_alignment	: 64
address sizes	: 46 bits physical, 48 bits virtual
power management: [8]

processor	: 2
vendor_id	: GenuineIntel
cpu family	: 6
model		: 45
model name	:        Intel(R) Xeon(R) CPU E5-2640 0 @ 2.50GHz
stepping	: 7
cpu MHz		: 2500.101
cache size	: 15360 KB
physical id	: 0
siblings	: 12
core id		: 1
cpu cores	: 6
apicid		: 2
fpu		: yes
fpu_exception	: yes
cpuid level	: 13
wp		: yes
flags		: fpu vme de pse tsc msr pae mce cx8 apic sep mtrr pge mca cmov pat pse36 clflush dts acpi mmx fxsr sse sse2 ss ht tm syscall nx pdpe1gb rdtscp lm constant_tsc ida nonstop_tsc arat pni monitor ds_cpl vmx smx est tm2 ssse3 cx16 xtpr sse4_1 sse4_2 popcnt lahf_lm
bogomips	: 5000.03
clflush size	: 64
cache_alignment	: 64
address sizes	: 46 bits physical, 48 bits virtual
power management: [8]

processor	: 3
vendor_id	: GenuineIntel
cpu family	: 6
model		: 45
model name	:        Intel(R) Xeon(R) CPU E5-2640 0 @ 2.50GHz
stepping	: 7
cpu MHz		: 2500.101
cache size	: 15360 KB
physical id	: 1
siblings	: 12
core id		: 1
cpu cores	: 6
apicid		: 34
fpu		: yes
fpu_exception	: yes
cpuid level	: 13
wp		: yes
flags		: fpu vme de pse tsc msr pae mce cx8 apic sep mtrr pge mca cmov pat pse36 clflush dts acpi mmx fxsr sse sse2 ss ht tm syscall nx pdpe1gb rdtscp lm constant_tsc ida nonstop_tsc arat pni monitor ds_cpl vmx smx est tm2 ssse3 cx16 xtpr sse4_1 sse4_2 popcnt lahf_lm
bogomips	: 5000.19
clflush size	: 64
cache_alignment	: 64
address sizes	: 46 bits physical, 48 bits virtual
power management: [8]

processor	: 4
vendor_id	: GenuineIntel
cpu family	: 6
model		: 45
model name	:        Intel(R) Xeon(R) CPU E5-2640 0 @ 2.50GHz
stepping	: 7
cpu MHz		: 2500.101
cache size	: 15360 KB
physical id	: 0
siblings	: 12
core id		: 2
cpu cores	: 6
apicid		: 4
fpu		: yes
fpu_exception	: yes
cpuid level	: 13
wp		: yes
flags		: fpu vme de pse tsc msr pae mce cx8 apic sep mtrr pge mca cmov pat pse36 clflush dts acpi mmx fxsr sse sse2 ss ht tm syscall nx pdpe1gb rdtscp lm constant_tsc ida nonstop_tsc arat pni monitor ds_cpl vmx smx est tm2 ssse3 cx16 xtpr sse4_1 sse4_2 popcnt lahf_lm
bogomips	: 4999.99
clflush size	: 64
cache_alignment	: 64
address sizes	: 46 bits physical, 48 bits virtual
power management: [8]

processor	: 5
vendor_id	: GenuineIntel
cpu family	: 6
model		: 45
model name	:        Intel(R) Xeon(R) CPU E5-2640 0 @ 2.50GHz
stepping	: 7
cpu MHz		: 2500.101
cache size	: 15360 KB
physical id	: 1
siblings	: 12
core id		: 2
cpu cores	: 6
apicid		: 36
fpu		: yes
fpu_exception	: yes
cpuid level	: 13
wp		: yes
flags		: fpu vme de pse tsc msr pae mce cx8 apic sep mtrr pge mca cmov pat pse36 clflush dts acpi mmx fxsr sse sse2 ss ht tm syscall nx pdpe1gb rdtscp lm constant_tsc ida nonstop_tsc arat pni monitor ds_cpl vmx smx est tm2 ssse3 cx16 xtpr sse4_1 sse4_2 popcnt lahf_lm
bogomips	: 5000.12
clflush size	: 64
cache_alignment	: 64
address sizes	: 46 bits physical, 48 bits virtual
power management: [8]

processor	: 6
vendor_id	: GenuineIntel
cpu family	: 6
model		: 45
model name	:        Intel(R) Xeon(R) CPU E5-2640 0 @ 2.50GHz
stepping	: 7
cpu MHz		: 2500.101
cache size	: 15360 KB
physical id	: 0
siblings	: 12
core id		: 3
cpu cores	: 6
apicid		: 6
fpu		: yes
fpu_exception	: yes
cpuid level	: 13
wp		: yes
flags		: fpu vme de pse tsc msr pae mce cx8 apic sep mtrr pge mca cmov pat pse36 clflush dts acpi mmx fxsr sse sse2 ss ht tm syscall nx pdpe1gb rdtscp lm constant_tsc ida nonstop_tsc arat pni monitor ds_cpl vmx smx est tm2 ssse3 cx16 xtpr sse4_1 sse4_2 popcnt lahf_lm
bogomips	: 5000.00
clflush size	: 64
cache_alignment	: 64
address sizes	: 46 bits physical, 48 bits virtual
power management: [8]

processor	: 7
vendor_id	: GenuineIntel
cpu family	: 6
model		: 45
model name	:        Intel(R) Xeon(R) CPU E5-2640 0 @ 2.50GHz
stepping	: 7
cpu MHz		: 2500.101
cache size	: 15360 KB
physical id	: 1
siblings	: 12
core id		: 3
cpu cores	: 6
apicid		: 38
fpu		: yes
fpu_exception	: yes
cpuid level	: 13
wp		: yes
flags		: fpu vme de pse tsc msr pae mce cx8 apic sep mtrr pge mca cmov pat pse36 clflush dts acpi mmx fxsr sse sse2 ss ht tm syscall nx pdpe1gb rdtscp lm constant_tsc ida nonstop_tsc arat pni monitor ds_cpl vmx smx est tm2 ssse3 cx16 xtpr sse4_1 sse4_2 popcnt lahf_lm
bogomips	: 5000.12
clflush size	: 64
cache_alignment	: 64
address sizes	: 46 bits physical, 48 bits virtual
power management: [8]

processor	: 8
vendor_id	: GenuineIntel
cpu family	: 6
model		: 45
model name	:        Intel(R) Xeon(R) CPU E5-2640 0 @ 2.50GHz
stepping	: 7
cpu MHz		: 2500.101
cache size	: 15360 KB
physical id	: 0
siblings	: 12
core id		: 4
cpu cores	: 6
apicid		: 8
fpu		: yes
fpu_exception	: yes
cpuid level	: 13
wp		: yes
flags		: fpu vme de pse tsc msr pae mce cx8 apic sep mtrr pge mca cmov pat pse36 clflush dts acpi mmx fxsr sse sse2 ss ht tm syscall nx pdpe1gb rdtscp lm constant_tsc ida nonstop_tsc arat pni monitor ds_cpl vmx smx est tm2 ssse3 cx16 xtpr sse4_1 sse4_2 popcnt lahf_lm
bogomips	: 5000.06
clflush size	: 64
cache_alignment	: 64
address sizes	: 46 bits physical, 48 bits virtual
power management: [8]

processor	: 9
vendor_id	: GenuineIntel
cpu family	: 6
model		: 45
model name	:        Intel(R) Xeon(R) CPU E5-2640 0 @ 2.50GHz
stepping	: 7
cpu MHz		: 2500.101
cache size	: 15360 KB
physical id	: 1
siblings	: 12
core id		: 4
cpu cores	: 6
apicid		: 40
fpu		: yes
fpu_exception	: yes
cpuid level	: 13
wp		: yes
flags		: fpu vme de pse tsc msr pae mce cx8 apic sep mtrr pge mca cmov pat pse36 clflush dts acpi mmx fxsr sse sse2 ss ht tm syscall nx pdpe1gb rdtscp lm constant_tsc ida nonstop_tsc arat pni monitor ds_cpl vmx smx est tm2 ssse3 cx16 xtpr sse4_1 sse4_2 popcnt lahf_lm
bogomips	: 4999.99
clflush size	: 64
cache_alignment	: 64
address sizes	: 46 bits physical, 48 bits virtual
power management: [8]

processor	: 10
vendor_id	: GenuineIntel
cpu family	: 6
model		: 45
model name	:        Intel(R) Xeon(R) CPU E5-2640 0 @ 2.50GHz
stepping	: 7
cpu MHz		: 2500.101
cache size	: 15360 KB
physical id	: 0
siblings	: 12
core id		: 5
cpu cores	: 6
apicid		: 10
fpu		: yes
fpu_exception	: yes
cpuid level	: 13
wp		: yes
flags		: fpu vme de pse tsc msr pae mce cx8 apic sep mtrr pge mca cmov pat pse36 clflush dts acpi mmx fxsr sse sse2 ss ht tm syscall nx pdpe1gb rdtscp lm constant_tsc ida nonstop_tsc arat pni monitor ds_cpl vmx smx est tm2 ssse3 cx16 xtpr sse4_1 sse4_2 popcnt lahf_lm
bogomips	: 5000.01
clflush size	: 64
cache_alignment	: 64
address sizes	: 46 bits physical, 48 bits virtual
power management: [8]

processor	: 11
vendor_id	: GenuineIntel
cpu family	: 6
model		: 45
model name	:        Intel(R) Xeon(R) CPU E5-2640 0 @ 2.50GHz
stepping	: 7
cpu MHz		: 2500.101
cache size	: 15360 KB
physical id	: 1
siblings	: 12
core id		: 5
cpu cores	: 6
apicid		: 42
fpu		: yes
fpu_exception	: yes
cpuid level	: 13
wp		: yes
flags		: fpu vme de pse tsc msr pae mce cx8 apic sep mtrr pge mca cmov pat pse36 clflush dts acpi mmx fxsr sse sse2 ss ht tm syscall nx pdpe1gb rdtscp lm constant_tsc ida nonstop_tsc arat pni monitor ds_cpl vmx smx est tm2 ssse3 cx16 xtpr sse4_1 sse4_2 popcnt lahf_lm
bogomips	: 5000.14
clflush size	: 64
cache_alignment	: 64
address sizes	: 46 bits physical, 48 bits virtual
power management: [8]

processor	: 12
vendor_id	: GenuineIntel
cpu family	: 6
model		: 45
model name	:        Intel(R) Xeon(R) CPU E5-2640 0 @ 2.50GHz
stepping	: 7
cpu MHz		: 2500.101
cache size	: 15360 KB
physical id	: 0
siblings	: 12
core id		: 0
cpu cores	: 6
apicid		: 1
fpu		: yes
fpu_exception	: yes
cpuid level	: 13
wp		: yes
flags		: fpu vme de pse tsc msr pae mce cx8 apic sep mtrr pge mca cmov pat pse36 clflush dts acpi mmx fxsr sse sse2 ss ht tm syscall nx pdpe1gb rdtscp lm constant_tsc ida nonstop_tsc arat pni monitor ds_cpl vmx smx est tm2 ssse3 cx16 xtpr sse4_1 sse4_2 popcnt lahf_lm
bogomips	: 4999.97
clflush size	: 64
cache_alignment	: 64
address sizes	: 46 bits physical, 48 bits virtual
power management: [8]

processor	: 13
vendor_id	: GenuineIntel
cpu family	: 6
model		: 45
model name	:        Intel(R) Xeon(R) CPU E5-2640 0 @ 2.50GHz
stepping	: 7
cpu MHz		: 2500.101
cache size	: 15360 KB
physical id	: 1
siblings	: 12
core id		: 0
cpu cores	: 6
apicid		: 33
fpu		: yes
fpu_exception	: yes
cpuid level	: 13
wp		: yes
flags		: fpu vme de pse tsc msr pae mce cx8 apic sep mtrr pge mca cmov pat pse36 clflush dts acpi mmx fxsr sse sse2 ss ht tm syscall nx pdpe1gb rdtscp lm constant_tsc ida nonstop_tsc arat pni monitor ds_cpl vmx smx est tm2 ssse3 cx16 xtpr sse4_1 sse4_2 popcnt lahf_lm
bogomips	: 5000.13
clflush size	: 64
cache_alignment	: 64
address sizes	: 46 bits physical, 48 bits virtual
power management: [8]

processor	: 14
vendor_id	: GenuineIntel
cpu family	: 6
model		: 45
model name	:        Intel(R) Xeon(R) CPU E5-2640 0 @ 2.50GHz
stepping	: 7
cpu MHz		: 2500.101
cache size	: 15360 KB
physical id	: 0
siblings	: 12
core id		: 1
cpu cores	: 6
apicid		: 3
fpu		: yes
fpu_exception	: yes
cpuid level	: 13
wp		: yes
flags		: fpu vme de pse tsc msr pae mce cx8 apic sep mtrr pge mca cmov pat pse36 clflush dts acpi mmx fxsr sse sse2 ss ht tm syscall nx pdpe1gb rdtscp lm constant_tsc ida nonstop_tsc arat pni monitor ds_cpl vmx smx est tm2 ssse3 cx16 xtpr sse4_1 sse4_2 popcnt lahf_lm
bogomips	: 5000.06
clflush size	: 64
cache_alignment	: 64
address sizes	: 46 bits physical, 48 bits virtual
power management: [8]

processor	: 15
vendor_id	: GenuineIntel
cpu family	: 6
model		: 45
model name	:        Intel(R) Xeon(R) CPU E5-2640 0 @ 2.50GHz
stepping	: 7
cpu MHz		: 2500.101
cache size	: 15360 KB
physical id	: 1
siblings	: 12
core id		: 1
cpu cores	: 6
apicid		: 35
fpu		: yes
fpu_exception	: yes
cpuid level	: 13
wp		: yes
flags		: fpu vme de pse tsc msr pae mce cx8 apic sep mtrr pge mca cmov pat pse36 clflush dts acpi mmx fxsr sse sse2 ss ht tm syscall nx pdpe1gb rdtscp lm constant_tsc ida nonstop_tsc arat pni monitor ds_cpl vmx smx est tm2 ssse3 cx16 xtpr sse4_1 sse4_2 popcnt lahf_lm
bogomips	: 5000.07
clflush size	: 64
cache_alignment	: 64
address sizes	: 46 bits physical, 48 bits virtual
power management: [8]

processor	: 16
vendor_id	: GenuineIntel
cpu family	: 6
model		: 45
model name	:        Intel(R) Xeon(R) CPU E5-2640 0 @ 2.50GHz
stepping	: 7
cpu MHz		: 2500.101
cache size	: 15360 KB
physical id	: 0
siblings	: 12
core id		: 2
cpu cores	: 6
apicid		: 5
fpu		: yes
fpu_exception	: yes
cpuid level	: 13
wp		: yes
flags		: fpu vme de pse tsc msr pae mce cx8 apic sep mtrr pge mca cmov pat pse36 clflush dts acpi mmx fxsr sse sse2 ss ht tm syscall nx pdpe1gb rdtscp lm constant_tsc ida nonstop_tsc arat pni monitor ds_cpl vmx smx est tm2 ssse3 cx16 xtpr sse4_1 sse4_2 popcnt lahf_lm
bogomips	: 5000.00
clflush size	: 64
cache_alignment	: 64
address sizes	: 46 bits physical, 48 bits virtual
power management: [8]

processor	: 17
vendor_id	: GenuineIntel
cpu family	: 6
model		: 45
model name	:        Intel(R) Xeon(R) CPU E5-2640 0 @ 2.50GHz
stepping	: 7
cpu MHz		: 2500.101
cache size	: 15360 KB
physical id	: 1
siblings	: 12
core id		: 2
cpu cores	: 6
apicid		: 37
fpu		: yes
fpu_exception	: yes
cpuid level	: 13
wp		: yes
flags		: fpu vme de pse tsc msr pae mce cx8 apic sep mtrr pge mca cmov pat pse36 clflush dts acpi mmx fxsr sse sse2 ss ht tm syscall nx pdpe1gb rdtscp lm constant_tsc ida nonstop_tsc arat pni monitor ds_cpl vmx smx est tm2 ssse3 cx16 xtpr sse4_1 sse4_2 popcnt lahf_lm
bogomips	: 5000.11
clflush size	: 64
cache_alignment	: 64
address sizes	: 46 bits physical, 48 bits virtual
power management: [8]

processor	: 18
vendor_id	: GenuineIntel
cpu family	: 6
model		: 45
model name	:        Intel(R) Xeon(R) CPU E5-2640 0 @ 2.50GHz
stepping	: 7
cpu MHz		: 2500.101
cache size	: 15360 KB
physical id	: 0
siblings	: 12
core id		: 3
cpu cores	: 6
apicid		: 7
fpu		: yes
fpu_exception	: yes
cpuid level	: 13
wp		: yes
flags		: fpu vme de pse tsc msr pae mce cx8 apic sep mtrr pge mca cmov pat pse36 clflush dts acpi mmx fxsr sse sse2 ss ht tm syscall nx pdpe1gb rdtscp lm constant_tsc ida nonstop_tsc arat pni monitor ds_cpl vmx smx est tm2 ssse3 cx16 xtpr sse4_1 sse4_2 popcnt lahf_lm
bogomips	: 4999.99
clflush size	: 64
cache_alignment	: 64
address sizes	: 46 bits physical, 48 bits virtual
power management: [8]

processor	: 19
vendor_id	: GenuineIntel
cpu family	: 6
model		: 45
model name	:        Intel(R) Xeon(R) CPU E5-2640 0 @ 2.50GHz
stepping	: 7
cpu MHz		: 2500.101
cache size	: 15360 KB
physical id	: 1
siblings	: 12
core id		: 3
cpu cores	: 6
apicid		: 39
fpu		: yes
fpu_exception	: yes
cpuid level	: 13
wp		: yes
flags		: fpu vme de pse tsc msr pae mce cx8 apic sep mtrr pge mca cmov pat pse36 clflush dts acpi mmx fxsr sse sse2 ss ht tm syscall nx pdpe1gb rdtscp lm constant_tsc ida nonstop_tsc arat pni monitor ds_cpl vmx smx est tm2 ssse3 cx16 xtpr sse4_1 sse4_2 popcnt lahf_lm
bogomips	: 5000.11
clflush size	: 64
cache_alignment	: 64
address sizes	: 46 bits physical, 48 bits virtual
power management: [8]

processor	: 20
vendor_id	: GenuineIntel
cpu family	: 6
model		: 45
model name	:        Intel(R) Xeon(R) CPU E5-2640 0 @ 2.50GHz
stepping	: 7
cpu MHz		: 2500.101
cache size	: 15360 KB
physical id	: 0
siblings	: 12
core id		: 4
cpu cores	: 6
apicid		: 9
fpu		: yes
fpu_exception	: yes
cpuid level	: 13
wp		: yes
flags		: fpu vme de pse tsc msr pae mce cx8 apic sep mtrr pge mca cmov pat pse36 clflush dts acpi mmx fxsr sse sse2 ss ht tm syscall nx pdpe1gb rdtscp lm constant_tsc ida nonstop_tsc arat pni monitor ds_cpl vmx smx est tm2 ssse3 cx16 xtpr sse4_1 sse4_2 popcnt lahf_lm
bogomips	: 5000.14
clflush size	: 64
cache_alignment	: 64
address sizes	: 46 bits physical, 48 bits virtual
power management: [8]

processor	: 21
vendor_id	: GenuineIntel
cpu family	: 6
model		: 45
model name	:        Intel(R) Xeon(R) CPU E5-2640 0 @ 2.50GHz
stepping	: 7
cpu MHz		: 2500.101
cache size	: 15360 KB
physical id	: 1
siblings	: 12
core id		: 4
cpu cores	: 6
apicid		: 41
fpu		: yes
fpu_exception	: yes
cpuid level	: 13
wp		: yes
flags		: fpu vme de pse tsc msr pae mce cx8 apic sep mtrr pge mca cmov pat pse36 clflush dts acpi mmx fxsr sse sse2 ss ht tm syscall nx pdpe1gb rdtscp lm constant_tsc ida nonstop_tsc arat pni monitor ds_cpl vmx smx est tm2 ssse3 cx16 xtpr sse4_1 sse4_2 popcnt lahf_lm
bogomips	: 5000.10
clflush size	: 64
cache_alignment	: 64
address sizes	: 46 bits physical, 48 bits virtual
power management: [8]

processor	: 22
vendor_id	: GenuineIntel
cpu family	: 6
model		: 45
model name	:        Intel(R) Xeon(R) CPU E5-2640 0 @ 2.50GHz
stepping	: 7
cpu MHz		: 2500.101
cache size	: 15360 KB
physical id	: 0
siblings	: 12
core id		: 5
cpu cores	: 6
apicid		: 11
fpu		: yes
fpu_exception	: yes
cpuid level	: 13
wp		: yes
flags		: fpu vme de pse tsc msr pae mce cx8 apic sep mtrr pge mca cmov pat pse36 clflush dts acpi mmx fxsr sse sse2 ss ht tm syscall nx pdpe1gb rdtscp lm constant_tsc ida nonstop_tsc arat pni monitor ds_cpl vmx smx est tm2 ssse3 cx16 xtpr sse4_1 sse4_2 popcnt lahf_lm
bogomips	: 4999.92
clflush size	: 64
cache_alignment	: 64
address sizes	: 46 bits physical, 48 bits virtual
power management: [8]

processor	: 23
vendor_id	: GenuineIntel
cpu family	: 6
model		: 45
model name	:        Intel(R) Xeon(R) CPU E5-2640 0 @ 2.50GHz
stepping	: 7
cpu MHz		: 2500.101
cache size	: 15360 KB
physical id	: 1
siblings	: 12
core id		: 5
cpu cores	: 6
apicid		: 43
fpu		: yes
fpu_exception	: yes
cpuid level	: 13
wp		: yes
flags		: fpu vme de pse tsc msr pae mce cx8 apic sep mtrr pge mca cmov pat pse36 clflush dts acpi mmx fxsr sse sse2 ss ht tm syscall nx pdpe1gb rdtscp lm constant_tsc ida nonstop_tsc arat pni monitor ds_cpl vmx smx est tm2 ssse3 cx16 xtpr sse4_1 sse4_2 popcnt lahf_lm
bogomips	: 5000.19
clflush size	: 64
cache_alignment	: 64
address sizes	: 46 bits physical, 48 bits virtual
power management: [8]



Memory: 4k page, physical 65962088k(22153564k free), swap 163839736k(163839736k free)

vm_info: Java HotSpot(TM) 64-Bit Server VM (23.6-b04) for linux-amd64 JRE (1.7.0_11-b21), built on Jan 12 2013 01:43:03 by "java_re" with gcc 4.3.0 20080428 (Red Hat 4.3.0-8)

time: Thu Apr  4 13:14:51 2013
elapsed time: 0 seconds

